2026-03-23 16:03:14 [main] INFO com.ui.listeners.TestListerner Test Suite Started 
2026-03-23 16:03:94 [TestNG-test-UI Automation Test-1] INFO com.ui.listeners.TestListerner verifyLoginTest 
2026-03-23 16:03:94 [TestNG-test-UI Automation Test-1] INFO com.ui.listeners.TestListerner Verify login using with valid login credentials 
2026-03-23 16:03:94 [TestNG-test-UI Automation Test-1] INFO com.ui.listeners.TestListerner [e2e, sanity] 
2026-03-23 16:03:09 [TestNG-test-UI Automation Test-2] INFO com.ui.listeners.TestListerner verifyoginTestCSV 
2026-03-23 16:03:09 [TestNG-test-UI Automation Test-2] INFO com.ui.listeners.TestListerner Verify login using with valid login credentials 
2026-03-23 16:03:09 [TestNG-test-UI Automation Test-2] INFO com.ui.listeners.TestListerner [e2e, sanity] 
2026-03-23 16:03:64 [TestNG-test-UI Automation Test-1] INFO com.ui.listeners.TestListerner verifyLoginTest PASSED 
2026-03-23 16:03:70 [TestNG-test-UI Automation Test-2] INFO com.ui.listeners.TestListerner verifyoginTestCSV PASSED 
2026-03-23 16:03:23 [TestNG-test-UI Automation Test-3] INFO com.ui.listeners.TestListerner verifyoginTestExcel 
2026-03-23 16:03:23 [TestNG-test-UI Automation Test-3] INFO com.ui.listeners.TestListerner Verify login using with valid login credentials 
2026-03-23 16:03:23 [TestNG-test-UI Automation Test-3] INFO com.ui.listeners.TestListerner [e2e, sanity] 
2026-03-23 16:03:88 [TestNG-test-UI Automation Test-1] INFO com.ui.listeners.TestListerner verifyLoginTest 
2026-03-23 16:03:88 [TestNG-test-UI Automation Test-1] INFO com.ui.listeners.TestListerner Verify login using with valid login credentials 
2026-03-23 16:03:88 [TestNG-test-UI Automation Test-1] INFO com.ui.listeners.TestListerner [e2e, sanity] 
2026-03-23 16:03:15 [TestNG-test-UI Automation Test-3] WARN com.ui.listeners.TestListerner verifyoginTestExcel SKIPPED 
2026-03-23 16:03:34 [TestNG-test-UI Automation Test-1] ERROR com.ui.listeners.TestListerner verifyLoginTest FAILED 
2026-03-23 16:03:34 [TestNG-test-UI Automation Test-1] ERROR com.ui.listeners.TestListerner no such element: Unable to locate element: {"method":"xpath","selector":"//a[@title='View my customer account']/span"}
  (Session info: chrome=146.0.7680.81)
For documentation on this error, please visit: https://www.selenium.dev/documentation/webdriver/troubleshooting/errors#nosuchelementexception
Build info: version: '4.38.0', revision: '6b412e825c*'
System info: os.name: 'Windows 11', os.arch: 'amd64', os.version: '10.0', java.version: '17.0.12'
Driver info: org.openqa.selenium.chrome.ChromeDriver
Command: [be932dcb011e847585f1b730e36ace02, findElement {value=//a[@title='View my customer account']/span, using=xpath}]
Capabilities {acceptInsecureCerts: false, browserName: chrome, browserVersion: 146.0.7680.81, chrome: {chromedriverVersion: 146.0.7680.153 (85fd829a1b2..., userDataDir: C:\Users\patil\AppData\Loca...}, fedcm:accounts: true, goog:chromeOptions: {debuggerAddress: localhost:63831}, goog:processID: 29668, networkConnectionEnabled: false, pageLoadStrategy: normal, platformName: windows, proxy: Proxy(), se:cdp: ws://localhost:63831/devtoo..., se:cdpVersion: 146.0.7680.81, setWindowRect: true, strictFileInteractability: false, timeouts: {implicit: 0, pageLoad: 300000, script: 30000}, unhandledPromptBehavior: dismiss and notify, webauthn:extension:credBlob: true, webauthn:extension:largeBlob: true, webauthn:extension:minPinLength: true, webauthn:extension:prf: true, webauthn:virtualAuthenticators: true}
Session ID: be932dcb011e847585f1b730e36ace02 
2026-03-23 16:03:94 [TestNG-test-UI Automation Test-3] INFO com.ui.listeners.TestListerner verifyoginTestExcel 
2026-03-23 16:03:94 [TestNG-test-UI Automation Test-3] INFO com.ui.listeners.TestListerner Verify login using with valid login credentials 
2026-03-23 16:03:94 [TestNG-test-UI Automation Test-3] INFO com.ui.listeners.TestListerner [e2e, sanity] 
2026-03-23 16:03:51 [TestNG-test-UI Automation Test-3] WARN com.ui.listeners.TestListerner verifyoginTestExcel SKIPPED 
2026-03-23 16:03:02 [TestNG-test-UI Automation Test-3] INFO com.ui.listeners.TestListerner verifyoginTestExcel 
2026-03-23 16:03:02 [TestNG-test-UI Automation Test-3] INFO com.ui.listeners.TestListerner Verify login using with valid login credentials 
2026-03-23 16:03:02 [TestNG-test-UI Automation Test-3] INFO com.ui.listeners.TestListerner [e2e, sanity] 
2026-03-23 16:03:76 [TestNG-test-UI Automation Test-3] WARN com.ui.listeners.TestListerner verifyoginTestExcel SKIPPED 
2026-03-23 16:03:23 [TestNG-test-UI Automation Test-3] INFO com.ui.listeners.TestListerner verifyoginTestExcel 
2026-03-23 16:03:23 [TestNG-test-UI Automation Test-3] INFO com.ui.listeners.TestListerner Verify login using with valid login credentials 
2026-03-23 16:03:23 [TestNG-test-UI Automation Test-3] INFO com.ui.listeners.TestListerner [e2e, sanity] 
2026-03-23 16:03:83 [TestNG-test-UI Automation Test-3] ERROR com.ui.listeners.TestListerner verifyoginTestExcel FAILED 
2026-03-23 16:03:83 [TestNG-test-UI Automation Test-3] ERROR com.ui.listeners.TestListerner no such element: Unable to locate element: {"method":"xpath","selector":"//a[@title='View my customer account']/span"}
  (Session info: chrome=146.0.7680.81)
For documentation on this error, please visit: https://www.selenium.dev/documentation/webdriver/troubleshooting/errors#nosuchelementexception
Build info: version: '4.38.0', revision: '6b412e825c*'
System info: os.name: 'Windows 11', os.arch: 'amd64', os.version: '10.0', java.version: '17.0.12'
Driver info: org.openqa.selenium.chrome.ChromeDriver
Command: [3cf6d33d962a47990bc0d96d96330e5a, findElement {value=//a[@title='View my customer account']/span, using=xpath}]
Capabilities {acceptInsecureCerts: false, browserName: chrome, browserVersion: 146.0.7680.81, chrome: {chromedriverVersion: 146.0.7680.153 (85fd829a1b2..., userDataDir: C:\Users\patil\AppData\Loca...}, fedcm:accounts: true, goog:chromeOptions: {debuggerAddress: localhost:51057}, goog:processID: 14880, networkConnectionEnabled: false, pageLoadStrategy: normal, platformName: windows, proxy: Proxy(), se:cdp: ws://localhost:51057/devtoo..., se:cdpVersion: 146.0.7680.81, setWindowRect: true, strictFileInteractability: false, timeouts: {implicit: 0, pageLoad: 300000, script: 30000}, unhandledPromptBehavior: dismiss and notify, webauthn:extension:credBlob: true, webauthn:extension:largeBlob: true, webauthn:extension:minPinLength: true, webauthn:extension:prf: true, webauthn:virtualAuthenticators: true}
Session ID: 3cf6d33d962a47990bc0d96d96330e5a 
2026-03-23 16:03:05 [main] INFO com.ui.listeners.TestListerner Test Suite Ended 
